<?xml version="1.0" encoding="UTF-8"?>
<testng-results ignored="0" total="1" passed="1" failed="0" skipped="0">
  <reporter-output>
  </reporter-output>
  <suite started-at="2024-12-21T16:17:58 IST" name="Default suite" finished-at="2024-12-21T16:18:07 IST" duration-ms="8895">
    <groups>
    </groups>
    <test started-at="2024-12-21T16:17:58 IST" name="Default test" finished-at="2024-12-21T16:18:07 IST" duration-ms="8895">
      <class name="computer.TC006_Test">
        <test-method is-config="true" signature="reportConfig()[pri:0, instance:computer.TC006_Test@58cbafc2]" started-at="2024-12-21T16:17:57 IST" name="reportConfig" finished-at="2024-12-21T16:17:58 IST" duration-ms="390" status="PASS">
          <reporter-output>
          </reporter-output>
        </test-method> <!-- reportConfig -->
        <test-method is-config="true" signature="launchBrowser(java.lang.String)[pri:0, instance:computer.TC006_Test@58cbafc2]" started-at="2024-12-21T16:17:58 IST" name="launchBrowser" finished-at="2024-12-21T16:18:03 IST" duration-ms="5571" status="PASS">
          <params>
            <param index="0">
              <value>
                <![CDATA[chrome]]>
              </value>
            </param>
          </params>
          <reporter-output>
          </reporter-output>
        </test-method> <!-- launchBrowser -->
        <test-method is-config="true" signature="login()[pri:0, instance:computer.TC006_Test@58cbafc2]" started-at="2024-12-21T16:18:03 IST" name="login" finished-at="2024-12-21T16:18:06 IST" duration-ms="2168" status="PASS">
          <reporter-output>
          </reporter-output>
        </test-method> <!-- login -->
        <test-method signature="clickOnComputers()[pri:0, instance:computer.TC006_Test@58cbafc2]" started-at="2024-12-21T16:18:06 IST" name="clickOnComputers" finished-at="2024-12-21T16:18:07 IST" duration-ms="888" status="PASS">
          <reporter-output>
          </reporter-output>
        </test-method> <!-- clickOnComputers -->
        <test-method is-config="true" signature="logout()[pri:0, instance:computer.TC006_Test@58cbafc2]" started-at="2024-12-21T16:18:07 IST" name="logout" finished-at="2024-12-21T16:18:07 IST" duration-ms="2" status="PASS">
          <reporter-output>
          </reporter-output>
        </test-method> <!-- logout -->
        <test-method is-config="true" signature="closeBrowser()[pri:0, instance:computer.TC006_Test@58cbafc2]" started-at="2024-12-21T16:18:07 IST" name="closeBrowser" finished-at="2024-12-21T16:18:07 IST" duration-ms="198" status="PASS">
          <reporter-output>
          </reporter-output>
        </test-method> <!-- closeBrowser -->
        <test-method is-config="true" signature="reportBackup()[pri:0, instance:computer.TC006_Test@58cbafc2]" started-at="2024-12-21T16:18:07 IST" name="reportBackup" finished-at="2024-12-21T16:18:07 IST" duration-ms="357" status="PASS">
          <reporter-output>
          </reporter-output>
        </test-method> <!-- reportBackup -->
      </class> <!-- computer.TC006_Test -->
    </test> <!-- Default test -->
  </suite> <!-- Default suite -->
</testng-results>
